mode: set
hppr.dev/stoke/base_public_key_store.go:25.148,33.2 5 1
hppr.dev/stoke/base_public_key_store.go:36.75,41.16 4 1
hppr.dev/stoke/base_public_key_store.go:41.16,43.3 1 0
hppr.dev/stoke/base_public_key_store.go:45.2,46.16 2 1
hppr.dev/stoke/base_public_key_store.go:46.16,48.3 1 0
hppr.dev/stoke/base_public_key_store.go:50.2,51.56 2 1
hppr.dev/stoke/base_public_key_store.go:51.56,53.3 1 0
hppr.dev/stoke/base_public_key_store.go:55.2,56.30 2 1
hppr.dev/stoke/base_public_key_store.go:56.30,58.17 2 1
hppr.dev/stoke/base_public_key_store.go:58.17,60.4 1 0
hppr.dev/stoke/base_public_key_store.go:63.2,71.12 5 1
hppr.dev/stoke/claim_dsl.go:10.29,14.2 1 1
hppr.dev/stoke/claim_dsl.go:18.34,20.42 1 1
hppr.dev/stoke/claim_dsl.go:20.42,22.42 2 1
hppr.dev/stoke/claim_dsl.go:22.42,24.4 1 1
hppr.dev/stoke/claim_dsl.go:27.2,28.44 2 1
hppr.dev/stoke/claim_dsl.go:28.44,30.17 2 1
hppr.dev/stoke/claim_dsl.go:30.17,32.4 1 1
hppr.dev/stoke/claim_dsl.go:34.2,34.12 1 1
hppr.dev/stoke/claim_dsl.go:38.55,40.27 1 1
hppr.dev/stoke/claim_dsl.go:40.27,43.4 2 1
hppr.dev/stoke/claim_dsl.go:44.2,44.10 1 1
hppr.dev/stoke/claim_dsl.go:48.60,51.27 2 1
hppr.dev/stoke/claim_dsl.go:51.27,54.4 2 1
hppr.dev/stoke/claim_dsl.go:55.2,55.10 1 1
hppr.dev/stoke/claim_dsl.go:59.67,61.27 1 1
hppr.dev/stoke/claim_dsl.go:61.27,64.4 2 1
hppr.dev/stoke/claim_dsl.go:65.2,65.10 1 1
hppr.dev/stoke/claim_dsl.go:69.62,71.27 1 1
hppr.dev/stoke/claim_dsl.go:71.27,73.11 2 1
hppr.dev/stoke/claim_dsl.go:73.11,75.5 1 1
hppr.dev/stoke/claim_dsl.go:76.4,76.46 1 1
hppr.dev/stoke/claim_dsl.go:76.46,77.18 1 1
hppr.dev/stoke/claim_dsl.go:77.18,79.6 1 1
hppr.dev/stoke/claim_dsl.go:81.4,81.16 1 1
hppr.dev/stoke/claim_dsl.go:83.2,83.10 1 1
hppr.dev/stoke/claim_dsl.go:87.44,90.2 2 1
hppr.dev/stoke/claims.go:24.32,29.2 1 1
hppr.dev/stoke/claims.go:33.48,36.36 2 1
hppr.dev/stoke/claims.go:36.36,38.3 1 1
hppr.dev/stoke/claims.go:40.2,43.15 3 1
hppr.dev/stoke/claims.go:43.15,46.3 2 1
hppr.dev/stoke/claims.go:48.2,49.15 2 1
hppr.dev/stoke/claims.go:49.15,52.3 2 1
hppr.dev/stoke/claims.go:54.2,55.18 2 1
hppr.dev/stoke/claims.go:55.18,58.25 3 1
hppr.dev/stoke/claims.go:58.25,60.4 1 1
hppr.dev/stoke/claims.go:61.3,61.19 1 1
hppr.dev/stoke/claims.go:64.2,64.41 1 1
hppr.dev/stoke/claims.go:64.41,66.14 2 1
hppr.dev/stoke/claims.go:66.14,69.4 2 1
hppr.dev/stoke/claims.go:72.2,72.41 1 1
hppr.dev/stoke/claims.go:72.41,74.14 2 1
hppr.dev/stoke/claims.go:74.14,77.4 2 1
hppr.dev/stoke/claims.go:80.2,80.40 1 1
hppr.dev/stoke/claims.go:80.40,82.14 2 1
hppr.dev/stoke/claims.go:82.14,85.4 2 1
hppr.dev/stoke/claims.go:88.2,89.15 2 1
hppr.dev/stoke/claims.go:89.15,92.3 2 1
hppr.dev/stoke/claims.go:94.2,94.41 1 1
hppr.dev/stoke/claims.go:94.41,97.3 2 1
hppr.dev/stoke/claims.go:98.2,100.29 2 1
hppr.dev/stoke/claims.go:105.48,109.66 3 1
hppr.dev/stoke/claims.go:109.66,111.15 2 1
hppr.dev/stoke/claims.go:113.15,114.46 1 1
hppr.dev/stoke/claims.go:115.15,116.47 1 1
hppr.dev/stoke/claims.go:117.15,118.44 1 1
hppr.dev/stoke/claims.go:118.44,122.6 3 1
hppr.dev/stoke/claims.go:123.15,125.72 2 1
hppr.dev/stoke/claims.go:126.15,128.71 2 1
hppr.dev/stoke/claims.go:129.15,131.70 2 1
hppr.dev/stoke/claims.go:132.15,133.42 1 1
hppr.dev/stoke/claims.go:134.12,135.39 1 1
hppr.dev/stoke/claims.go:137.3,137.9 1 1
hppr.dev/stoke/claims.go:140.2,140.12 1 1
hppr.dev/stoke/http_middleware.go:29.116,34.2 1 1
hppr.dev/stoke/http_middleware.go:56.124,61.2 1 1
hppr.dev/stoke/http_middleware.go:75.76,81.57 5 1
hppr.dev/stoke/http_middleware.go:81.57,85.3 3 1
hppr.dev/stoke/http_middleware.go:87.2,90.16 3 1
hppr.dev/stoke/http_middleware.go:90.16,94.3 3 1
hppr.dev/stoke/http_middleware.go:96.2,96.36 1 1
hppr.dev/stoke/jwk.go:48.55,49.19 1 1
hppr.dev/stoke/jwk.go:50.12,51.21 1 1
hppr.dev/stoke/jwk.go:52.13,53.19 1 1
hppr.dev/stoke/jwk.go:54.13,55.21 1 1
hppr.dev/stoke/jwk.go:56.10,57.60 1 1
hppr.dev/stoke/jwk.go:63.23,65.2 1 1
hppr.dev/stoke/jwk.go:69.56,70.20 1 1
hppr.dev/stoke/jwk.go:71.24,72.45 1 1
hppr.dev/stoke/jwk.go:73.22,74.41 1 1
hppr.dev/stoke/jwk.go:75.25,76.46 1 1
hppr.dev/stoke/jwk.go:78.2,78.12 1 1
hppr.dev/stoke/jwk.go:82.52,89.2 6 1
hppr.dev/stoke/jwk.go:92.51,94.17 2 1
hppr.dev/stoke/jwk.go:95.15,96.26 1 1
hppr.dev/stoke/jwk.go:97.15,98.26 1 1
hppr.dev/stoke/jwk.go:99.15,100.26 1 1
hppr.dev/stoke/jwk.go:101.10,102.60 1 1
hppr.dev/stoke/jwk.go:105.2,106.16 2 1
hppr.dev/stoke/jwk.go:106.16,108.3 1 1
hppr.dev/stoke/jwk.go:110.2,111.16 2 1
hppr.dev/stoke/jwk.go:111.16,113.3 1 1
hppr.dev/stoke/jwk.go:115.2,119.8 1 1
hppr.dev/stoke/jwk.go:123.53,130.2 5 1
hppr.dev/stoke/jwk.go:133.52,136.2 2 1
hppr.dev/stoke/jwk.go:139.48,149.2 7 1
hppr.dev/stoke/jwk.go:152.47,154.16 2 1
hppr.dev/stoke/jwk.go:154.16,156.3 1 1
hppr.dev/stoke/jwk.go:158.2,159.16 2 1
hppr.dev/stoke/jwk.go:159.16,161.3 1 1
hppr.dev/stoke/jwk.go:163.2,166.8 1 1
hppr.dev/stoke/jwk.go:171.49,173.16 2 1
hppr.dev/stoke/jwk.go:173.16,175.3 1 1
hppr.dev/stoke/jwk.go:176.2,176.43 1 1
hppr.dev/stoke/otel.go:13.31,18.2 1 1
hppr.dev/stoke/otel.go:22.64,25.32 3 1
hppr.dev/stoke/otel.go:25.32,27.3 1 0
hppr.dev/stoke/otel.go:29.2,30.33 2 1
hppr.dev/stoke/otel.go:30.33,32.3 1 1
hppr.dev/stoke/otel.go:34.2,35.38 2 1
hppr.dev/stoke/otel.go:35.38,37.3 1 0
hppr.dev/stoke/otel.go:39.2,40.34 2 1
hppr.dev/stoke/otel.go:40.34,42.3 1 0
hppr.dev/stoke/otel.go:44.2,45.33 2 1
hppr.dev/stoke/otel.go:45.33,47.3 1 1
hppr.dev/stoke/otel.go:49.2,50.37 2 1
hppr.dev/stoke/otel.go:50.37,52.3 1 0
hppr.dev/stoke/otel.go:54.2,55.8 2 1
hppr.dev/stoke/otel.go:55.8,56.46 1 1
hppr.dev/stoke/otel.go:56.46,58.4 1 1
hppr.dev/stoke/otel.go:60.2,64.14 3 1
hppr.dev/stoke/per_request_public_key_store.go:18.107,26.52 4 1
hppr.dev/stoke/per_request_public_key_store.go:26.52,28.3 1 0
hppr.dev/stoke/per_request_public_key_store.go:29.2,29.15 1 1
hppr.dev/stoke/per_request_public_key_store.go:33.83,34.36 1 1
hppr.dev/stoke/per_request_public_key_store.go:34.36,39.3 3 0
hppr.dev/stoke/per_request_public_key_store.go:40.2,40.22 1 1
hppr.dev/stoke/test_public_key_store.go:20.72,21.25 1 1
hppr.dev/stoke/test_public_key_store.go:21.25,26.3 2 1
hppr.dev/stoke/test_public_key_store.go:27.2,27.30 1 1
hppr.dev/stoke/test_public_key_store.go:31.42,33.2 1 0
hppr.dev/stoke/test_public_key_store.go:36.41,38.2 1 0
hppr.dev/stoke/test_public_key_store.go:41.41,43.2 1 0
hppr.dev/stoke/test_public_key_store.go:46.43,48.2 1 1
hppr.dev/stoke/test_public_key_store.go:53.138,54.14 1 1
hppr.dev/stoke/test_public_key_store.go:54.14,56.3 1 0
hppr.dev/stoke/test_public_key_store.go:58.2,58.20 1 1
hppr.dev/stoke/test_public_key_store.go:58.20,60.3 1 1
hppr.dev/stoke/test_public_key_store.go:62.2,66.18 2 1
hppr.dev/stoke/test_public_key_store.go:66.18,68.3 1 1
hppr.dev/stoke/test_public_key_store.go:70.2,72.19 2 1
hppr.dev/stoke/test_public_key_store.go:76.51,76.75 1 0
hppr.dev/stoke/token_handler.go:15.106,21.2 1 1
hppr.dev/stoke/token_handler.go:32.95,39.20 4 1
hppr.dev/stoke/token_handler.go:39.20,41.3 1 1
hppr.dev/stoke/token_handler.go:43.2,43.59 1 1
hppr.dev/stoke/token_handler.go:48.44,50.2 1 1
hppr.dev/stoke/web_cache_public_key_store.go:19.103,25.58 2 1
hppr.dev/stoke/web_cache_public_key_store.go:25.58,27.3 1 1
hppr.dev/stoke/web_cache_public_key_store.go:29.3,29.50 1 1
hppr.dev/stoke/web_cache_public_key_store.go:29.50,31.3 1 0
hppr.dev/stoke/web_cache_public_key_store.go:33.2,34.15 2 1
hppr.dev/stoke/web_cache_public_key_store.go:38.63,39.6 1 1
hppr.dev/stoke/web_cache_public_key_store.go:39.6,40.10 1 1
hppr.dev/stoke/web_cache_public_key_store.go:41.21,42.9 1 1
hppr.dev/stoke/web_cache_public_key_store.go:43.51,44.28 1 0
